<!--
 Copyright (C) 2015 The Gravitee team (http://gravitee.io)

 Licensed under the Apache License, Version 2.0 (the "License");
 you may not use this file except in compliance with the License.
 You may obtain a copy of the License at

         http://www.apache.org/licenses/LICENSE-2.0

 Unless required by applicable law or agreed to in writing, software
 distributed under the License is distributed on an "AS IS" BASIS,
 WITHOUT WARRANTIES OR CONDITIONS OF ANY KIND, either express or implied.
 See the License for the specific language governing permissions and
 limitations under the License.
-->

<testsuites id="" name="" tests="69" failures="0" skipped="1" errors="0" time="93.347254">
<testsuite name="gko/admission-webhook/webhook-validation-extended.test.ts" timestamp="2026-03-31T09:42:54.483Z" hostname="platform-test" tests="8" failures="0" skipped="0" time="0.513" errors="0">
<testcase name="Webhook Validation — Extended › Deploy CRD not compliant with OAS @GKO-76 @regression" classname="gko/admission-webhook/webhook-validation-extended.test.ts" time="0.069">
</testcase>
<testcase name="Webhook Validation — Extended › Create V4 message API with missing required fields @GKO-166 @regression" classname="gko/admission-webhook/webhook-validation-extended.test.ts" time="0.055">
</testcase>
<testcase name="Webhook Validation — Extended › Deploy API with non-existing ManagementContext @GKO-414 @GKO-465 @regression" classname="gko/admission-webhook/webhook-validation-extended.test.ts" time="0.078">
</testcase>
<testcase name="Webhook Validation — Extended › V4 API with no plans and STARTED is rejected @GKO-502 @regression" classname="gko/admission-webhook/webhook-validation-extended.test.ts" time="0.069">
</testcase>
<testcase name="Webhook Validation — Extended › ManagementContext with invalid credentials is rejected @GKO-78 @GKO-474 @regression" classname="gko/admission-webhook/webhook-validation-extended.test.ts" time="0.093">
</testcase>
<testcase name="Webhook Validation — Extended › Resource CRD without name is rejected @GKO-515 @regression" classname="gko/admission-webhook/webhook-validation-extended.test.ts" time="0.053">
</testcase>
<testcase name="Webhook Validation — Extended › Resource CRD without type is rejected @GKO-516 @regression" classname="gko/admission-webhook/webhook-validation-extended.test.ts" time="0.048">
</testcase>
<testcase name="Webhook Validation — Extended › Resource CRD without configuration is rejected @GKO-518 @regression" classname="gko/admission-webhook/webhook-validation-extended.test.ts" time="0.048">
</testcase>
</testsuite>
<testsuite name="gko/admission-webhook/webhook-validation.test.ts" timestamp="2026-03-31T09:42:54.483Z" hostname="platform-test" tests="1" failures="0" skipped="0" time="0.178" errors="0">
<testcase name="Webhooks — Admission validation › Webhook rejects invalid CR and does not create API in APIM @GKO-1447 @regression" classname="gko/admission-webhook/webhook-validation.test.ts" time="0.178">
</testcase>
</testsuite>
<testsuite name="gko/api-lifecycle/start-stop.test.ts" timestamp="2026-03-31T09:42:54.483Z" hostname="platform-test" tests="1" failures="0" skipped="0" time="13.288" errors="0">
<testcase name="API Lifecycle — Start / Stop @GKO-69 @GKO-1464 @regression" classname="gko/api-lifecycle/start-stop.test.ts" time="13.288">
</testcase>
</testsuite>
<testsuite name="gko/api-lifecycle/v4-proxy-lifecycle.test.ts" timestamp="2026-03-31T09:42:54.483Z" hostname="platform-test" tests="12" failures="0" skipped="0" time="24.871" errors="0">
<testcase name="V4 Proxy API — Lifecycle › Deploy V4 Proxy API with syncFrom Management @GKO-71 @regression" classname="gko/api-lifecycle/v4-proxy-lifecycle.test.ts" time="4.985">
</testcase>
<testcase name="V4 Proxy API — Lifecycle › Delete a V4 API @GKO-140 @regression" classname="gko/api-lifecycle/v4-proxy-lifecycle.test.ts" time="4.737">
</testcase>
<testcase name="V4 Proxy API — Lifecycle › Create V4 proxy API with missing required fields @GKO-165 @regression" classname="gko/api-lifecycle/v4-proxy-lifecycle.test.ts" time="0.089">
</testcase>
<testcase name="V4 Proxy API — Lifecycle › API is re-deployed when applying the same CRD after a delete @GKO-212 @regression" classname="gko/api-lifecycle/v4-proxy-lifecycle.test.ts" time="6.457">
</testcase>
<testcase name="V4 Proxy API — Lifecycle › Context path conflict is rejected @GKO-469 @regression" classname="gko/api-lifecycle/v4-proxy-lifecycle.test.ts" time="0.755">
</testcase>
<testcase name="V4 Proxy API — Lifecycle › V4 API with no plans and STARTED state fails @GKO-502 @regression" classname="gko/api-lifecycle/v4-proxy-lifecycle.test.ts" time="0.055">
</testcase>
<testcase name="V4 Proxy API — Lifecycle › V4 API with no plans and STOPPED state succeeds @GKO-503 @regression" classname="gko/api-lifecycle/v4-proxy-lifecycle.test.ts" time="0.798">
</testcase>
<testcase name="V4 Proxy API — Lifecycle › V4 Proxy API with failover configuration @GKO-859 @regression" classname="gko/api-lifecycle/v4-proxy-lifecycle.test.ts" time="2.411">
</testcase>
<testcase name="V4 Proxy API — Lifecycle › Deploy V4 API with labels and categories @GKO-83 @regression" classname="gko/api-lifecycle/v4-proxy-lifecycle.test.ts" time="1.133">
</testcase>
<testcase name="V4 Proxy API — Lifecycle › Update a V4 message API @GKO-141 @regression" classname="gko/api-lifecycle/v4-proxy-lifecycle.test.ts" time="1.48">
</testcase>
<testcase name="V4 Proxy API — Lifecycle › Update V4 message API with missing fields is rejected @GKO-142 @regression" classname="gko/api-lifecycle/v4-proxy-lifecycle.test.ts" time="0.746">
</testcase>
<testcase name="V4 Proxy API — Lifecycle › No-op when CRD is reapplied without changes @GKO-176 @regression" classname="gko/api-lifecycle/v4-proxy-lifecycle.test.ts" time="1.225">
</testcase>
</testsuite>
<testsuite name="gko/applications/application-lifecycle.test.ts" timestamp="2026-03-31T09:42:54.483Z" hostname="platform-test" tests="11" failures="0" skipped="0" time="8.7" errors="0">
<testcase name="Applications — Lifecycle › Create an application using CRD @GKO-335 @regression" classname="gko/applications/application-lifecycle.test.ts" time="0.83">
</testcase>
<testcase name="Applications — Lifecycle › Update an application using CRD @GKO-336 @regression" classname="gko/applications/application-lifecycle.test.ts" time="1.727">
</testcase>
<testcase name="Applications — Lifecycle › Delete an application using CRD @GKO-337 @regression" classname="gko/applications/application-lifecycle.test.ts" time="0.823">
</testcase>
<testcase name="Applications — Lifecycle › Application with non-existing ManagementContext fails @GKO-526 @regression" classname="gko/applications/application-lifecycle.test.ts" time="0.051">
</testcase>
<testcase name="Applications — Lifecycle › Error when both app and oauth specified in settings @GKO-550 @regression" classname="gko/applications/application-lifecycle.test.ts" time="0.05">
</testcase>
<testcase name="Applications — Lifecycle › Application CRD with metadata fields @GKO-194 @regression" classname="gko/applications/application-lifecycle.test.ts" time="0.796">
</testcase>
<testcase name="Applications — Lifecycle › Configure app settings @GKO-552 @regression" classname="gko/applications/application-lifecycle.test.ts" time="0.757">
</testcase>
<testcase name="Applications — Lifecycle › Adding PRIMARY_OWNER in members section @GKO-558 @regression" classname="gko/applications/application-lifecycle.test.ts" time="0.889">
</testcase>
<testcase name="Applications — Lifecycle › Client ID in simple apps is optional @GKO-563 @regression" classname="gko/applications/application-lifecycle.test.ts" time="1.03">
</testcase>
<testcase name="Applications — Lifecycle › Client ID in simple apps must be unique @GKO-564 @regression" classname="gko/applications/application-lifecycle.test.ts" time="0.939">
</testcase>
<testcase name="Applications — Lifecycle › PRIMARY_OWNER role in members section is accepted @GKO-567 @regression" classname="gko/applications/application-lifecycle.test.ts" time="0.808">
</testcase>
</testsuite>
<testsuite name="gko/deployment-reconciliation/reconciliation.test.ts" timestamp="2026-03-31T09:42:54.483Z" hostname="platform-test" tests="1" failures="0" skipped="0" time="2.291" errors="0">
<testcase name="Deployment &amp; Reconciliation @GKO-1444 @regression" classname="gko/deployment-reconciliation/reconciliation.test.ts" time="2.291">
</testcase>
</testsuite>
<testsuite name="gko/deployment-reconciliation/status-conditions.test.ts" timestamp="2026-03-31T09:42:54.483Z" hostname="platform-test" tests="7" failures="0" skipped="1" time="10.268" errors="0">
<testcase name="Reconciliation — Status &amp; Conditions › Accepted condition not False on successful reconciliation @GKO-1388 @regression" classname="gko/deployment-reconciliation/status-conditions.test.ts" time="0.87">
</testcase>
<testcase name="Reconciliation — Status &amp; Conditions › processingStatus is still present in status @GKO-1390 @regression" classname="gko/deployment-reconciliation/status-conditions.test.ts" time="0.712">
</testcase>
<testcase name="Reconciliation — Status &amp; Conditions › Status conditions reflect reconciliation state @GKO-1446 @regression" classname="gko/deployment-reconciliation/status-conditions.test.ts" time="0.685">
</testcase>
<testcase name="Reconciliation — Status &amp; Conditions › Idempotent reconciliation for repeated apply @GKO-1445 @regression" classname="gko/deployment-reconciliation/status-conditions.test.ts" time="1.098">
</testcase>
<testcase name="Reconciliation — Status &amp; Conditions › Accepted condition is False when reconciliation fails @GKO-1387 @regression" classname="gko/deployment-reconciliation/status-conditions.test.ts" time="5.354">
</testcase>
<testcase name="Reconciliation — Status &amp; Conditions › Accepted condition updates on configuration changes @GKO-1389 @regression" classname="gko/deployment-reconciliation/status-conditions.test.ts" time="1.549">
</testcase>
<testcase name="Reconciliation — Status &amp; Conditions › ResolvedRefs condition is not present in status @GKO-1392 @regression" classname="gko/deployment-reconciliation/status-conditions.test.ts" time="0">
<properties>
<property name="fixme" value="">
</property>
</properties>
<skipped>
</skipped>
</testcase>
</testsuite>
<testsuite name="gko/management-context/management-context.test.ts" timestamp="2026-03-31T09:42:54.483Z" hostname="platform-test" tests="5" failures="0" skipped="0" time="3.893" errors="0">
<testcase name="ManagementContext — Lifecycle › Cannot delete ManagementContext referenced by V4 API @GKO-893 @regression" classname="gko/management-context/management-context.test.ts" time="0.724">
</testcase>
<testcase name="ManagementContext — Lifecycle › ManagementContext with non-existing environment is rejected @GKO-472 @regression" classname="gko/management-context/management-context.test.ts" time="0.057">
</testcase>
<testcase name="ManagementContext — Lifecycle › ManagementContext with non-existing organization is rejected @GKO-473 @regression" classname="gko/management-context/management-context.test.ts" time="0.051">
</testcase>
<testcase name="ManagementContext — Lifecycle › Cannot delete ManagementContext referenced by Application @GKO-894 @regression" classname="gko/management-context/management-context.test.ts" time="0.684">
</testcase>
<testcase name="ManagementContext — Lifecycle › ManagementContext deletion succeeds with no references @GKO-895 @regression" classname="gko/management-context/management-context.test.ts" time="2.377">
</testcase>
</testsuite>
<testsuite name="gko/plans/plan-lifecycle.test.ts" timestamp="2026-03-31T09:42:54.483Z" hostname="platform-test" tests="7" failures="0" skipped="0" time="11.322" errors="0">
<testcase name="Plans — Lifecycle › Create V4 API with multiple plans @GKO-160 @regression" classname="gko/plans/plan-lifecycle.test.ts" time="1.135">
</testcase>
<testcase name="Plans — Lifecycle › Add API key plan to V4 API @GKO-161 @regression" classname="gko/plans/plan-lifecycle.test.ts" time="3.871">
</testcase>
<testcase name="Plans — Lifecycle › Create a PUBLISHED V4 plan @GKO-169 @regression" classname="gko/plans/plan-lifecycle.test.ts" time="0.916">
</testcase>
<testcase name="Plans — Lifecycle › Delete a published plan @GKO-113 @GKO-117 @regression" classname="gko/plans/plan-lifecycle.test.ts" time="1.57">
</testcase>
<testcase name="Plans — Lifecycle › Plan remains PUBLISHED when API is stopped @GKO-174 @regression" classname="gko/plans/plan-lifecycle.test.ts" time="1.501">
</testcase>
<testcase name="Plans — Lifecycle › Creating plan with non-PUBLISHED status is accepted @GKO-170 @regression" classname="gko/plans/plan-lifecycle.test.ts" time="0.765">
</testcase>
<testcase name="Plans — Lifecycle › Changing PUBLISHED plan to other status is accepted @GKO-171 @regression" classname="gko/plans/plan-lifecycle.test.ts" time="1.564">
</testcase>
</testsuite>
<testsuite name="gko/policies/policy-lifecycle.test.ts" timestamp="2026-03-31T09:42:54.483Z" hostname="platform-test" tests="6" failures="0" skipped="0" time="9.155" errors="0">
<testcase name="Policies — Lifecycle › Deploy V4 proxy API with policy @GKO-94 @regression" classname="gko/policies/policy-lifecycle.test.ts" time="3.46">
</testcase>
<testcase name="Policies — Lifecycle › Remove a policy using CRD deployment @GKO-95 @regression" classname="gko/policies/policy-lifecycle.test.ts" time="1.775">
</testcase>
<testcase name="Policies — Lifecycle › Update a policy using CRD deployment @GKO-96 @regression" classname="gko/policies/policy-lifecycle.test.ts" time="1.397">
</testcase>
<testcase name="Policies — Lifecycle › Create V4 API with valid category @GKO-267 @regression" classname="gko/policies/policy-lifecycle.test.ts" time="0.769">
</testcase>
<testcase name="Policies — Lifecycle › Non-existing category is ignored @GKO-269 @regression" classname="gko/policies/policy-lifecycle.test.ts" time="0.889">
</testcase>
<testcase name="Policies — Lifecycle › Remove a category from V4 API @GKO-270 @regression" classname="gko/policies/policy-lifecycle.test.ts" time="0.865">
</testcase>
</testsuite>
<testsuite name="gko/subscriptions/subscription-validation.test.ts" timestamp="2026-03-31T09:42:54.483Z" hostname="platform-test" tests="6" failures="0" skipped="0" time="0.291" errors="0">
<testcase name="Subscriptions — Validation › Error when endingAt is before start @GKO-807 @regression" classname="gko/subscriptions/subscription-validation.test.ts" time="0.05">
</testcase>
<testcase name="Subscriptions — Validation › Plan in subscription must match a plan in V4 API @GKO-843 @regression" classname="gko/subscriptions/subscription-validation.test.ts" time="0.049">
</testcase>
<testcase name="Subscriptions — Validation › Admission error when subscribing to V4 API with syncFrom=KUBERNETES @GKO-816 @regression" classname="gko/subscriptions/subscription-validation.test.ts" time="0.05">
</testcase>
<testcase name="Subscriptions — Validation › Subscription fails if API is not started @GKO-840 @regression" classname="gko/subscriptions/subscription-validation.test.ts" time="0.046">
</testcase>
<testcase name="Subscriptions — Validation › Plan security type must be JWT or OAUTH2 for subscriptions @GKO-844 @regression" classname="gko/subscriptions/subscription-validation.test.ts" time="0.047">
</testcase>
<testcase name="Subscriptions — Validation › API Kind defaults to ApiV4Definition if empty @GKO-845 @regression" classname="gko/subscriptions/subscription-validation.test.ts" time="0.049">
</testcase>
</testsuite>
<testsuite name="terraform/post-apply.test.ts" timestamp="2026-03-31T09:42:54.483Z" hostname="platform-test" tests="3" failures="0" skipped="0" time="1.186" errors="0">
<testcase name="Terraform — Post-apply &amp; Idempotency › Terraform apply creates API in APIM @GKO-1926 @regression" classname="terraform/post-apply.test.ts" time="0.295">
</testcase>
<testcase name="Terraform — Post-apply &amp; Idempotency › API is reachable on the gateway @GKO-1926 @regression" classname="terraform/post-apply.test.ts" time="0.562">
</testcase>
<testcase name="Terraform — Post-apply &amp; Idempotency › terraform plan shows no changes @GKO-1932 @regression" classname="terraform/post-apply.test.ts" time="0.329">
</testcase>
</testsuite>
<testsuite name="terraform/terraform-extended.test.ts" timestamp="2026-03-31T09:42:54.483Z" hostname="platform-test" tests="1" failures="0" skipped="0" time="0.468" errors="0">
<testcase name="Terraform — Extended Validation › APIM contains all entities from complex TF config @GKO-1929 @regression" classname="terraform/terraform-extended.test.ts" time="0.468">
</testcase>
</testsuite>
</testsuites>